06:17:55 [App     ] Build date: Jul 23 2020, 18:14:42
06:17:55 [App     ] CPU: Intel(R) Core(TM) i5-8400H CPU @ 2.50GHz (8 cores)
06:17:55 [App     ] RAM: 7.80GB Physical Memory 128.00TB Virtual Memory
06:17:55 [App     ] OS: Windows 8 x64
06:17:55 [App     ] SSE & AVX compatible CPU & OS detected
06:17:55 [App     ] Command line:
06:17:55 [App     ] Available options:

Generic options:
  -h [ --help ]                         produce this help message
  -w [ --working-folder ] arg           working directory (default current 
                                        directory)
  -c [ --config-file ] arg (=DensifyPointCloud.cfg)
                                        file name containing program options
  --archive-type arg (=2)               project archive type: 0-text, 1-binary,
                                        2-compressed binary
  --process-priority arg (=-1)          process priority (below normal by 
                                        default)
  --max-threads arg (=0)                maximum number of threads (0 for using 
                                        all available cores)
  -v [ --verbosity ] arg (=2)           verbosity level

Densify options:
  -i [ --input-file ] arg               input filename containing camera poses 
                                        and image list
  -o [ --output-file ] arg              output filename for storing the dense 
                                        point-cloud
  --resolution-level arg (=1)           how many times to scale down the images
                                        before point cloud computation
  --max-resolution arg (=3200)          do not scale images higher than this 
                                        resolution
  --min-resolution arg (=640)           do not scale images lower than this 
                                        resolution
  --number-views arg (=5)               number of views used for depth-map 
                                        estimation (0 - all neighbor views 
                                        available)
  --number-views-fuse arg (=3)          minimum number of images that agrees 
                                        with an estimate during fusion in order
                                        to consider it inlier
  --estimate-colors arg (=2)            estimate the colors for the dense 
                                        point-cloud (0 - disabled, 1 - final, 2
                                        - estimate)
  --estimate-normals arg (=2)           estimate the normals for the dense 
                                        point-cloud (0 - disabled, 1 - final, 2
                                        - estimate)
  --sample-mesh arg (=0)                uniformly samples points on a mesh (0 -
                                        disabled, <0 - number of points, >0 - 
                                        sample density per square unit)
  --filter-point-cloud arg (=0)         filter dense point-cloud based on 
                                        visibility (0 - disabled)
  --fusion-mode arg (=0)                depth map fusion mode (-2 - fuse 
                                        disparity-maps, -1 - export 
                                        disparity-maps only, 0 - depth-maps & 
                                        fusion, 1 - export depth-maps only)
