05:32:31 [App     ] Build date: Jul 23 2020, 18:14:42
05:32:31 [App     ] CPU: Intel(R) Core(TM) i5-8400H CPU @ 2.50GHz (8 cores)
05:32:31 [App     ] RAM: 7.80GB Physical Memory 128.00TB Virtual Memory
05:32:31 [App     ] OS: Windows 8 x64
05:32:31 [App     ] SSE & AVX compatible CPU & OS detected
05:32:31 [App     ] Command line: scene_dense_mesh.mvs
05:32:31 [App     ] Scene loaded (40ms):
	18 images (18 calibrated) with a total of 209.30 MPixels (11.63 MPixels/image)
	0 points, 29367 vertices, 58629 faces
05:32:43 [App     ] Assigning the best view to each face completed: 58629 faces (11s824ms)
05:32:53 [App     ] Generating texture atlas and image completed: 699 patches, 8192 image size (9s982ms)
05:32:53 [App     ] Mesh texturing completed: 29367 vertices, 58629 faces (21s813ms)
05:33:05 [App     ] Scene saved (12s29ms):
	18 images (18 calibrated)
	0 points, 29367 vertices, 58629 faces
05:33:15 [App     ] Mesh saved: 29367 vertices, 58629 faces (9s886ms)
05:33:15 [App     ] MEMORYINFO: {
05:33:15 [App     ] 	PageFaultCount 3568844
05:33:15 [App     ] 	PeakWorkingSetSize 2.18GB
05:33:15 [App     ] 	WorkingSetSize 775.54MB
05:33:15 [App     ] 	QuotaPeakPagedPoolUsage 126.89KB
05:33:15 [App     ] 	QuotaPagedPoolUsage 126.72KB
05:33:15 [App     ] 	QuotaPeakNonPagedPoolUsage 29.34KB
05:33:15 [App     ] 	QuotaNonPagedPoolUsage 15.53KB
05:33:15 [App     ] 	PagefileUsage 832.76MB
05:33:15 [App     ] 	PeakPagefileUsage 2.41GB
05:33:15 [App     ] } ENDINFO
