23:04:01 [App     ] Build date: Jul 23 2020, 18:14:42
23:04:01 [App     ] CPU: Intel(R) Core(TM) i5-8400H CPU @ 2.50GHz (8 cores)
23:04:01 [App     ] RAM: 7.80GB Physical Memory 128.00TB Virtual Memory
23:04:01 [App     ] OS: Windows 8 x64
23:04:01 [App     ] SSE & AVX compatible CPU & OS detected
23:04:01 [App     ] Command line: scene_dense_mesh.mvs
23:04:01 [App     ] Scene loaded (6ms):
	18 images (18 calibrated) with a total of 209.30 MPixels (11.63 MPixels/image)
	0 points, 5047 vertices, 10089 faces
23:04:19 [App     ] Assigning the best view to each face completed: 10089 faces (17s783ms)
23:04:26 [App     ] Generating texture atlas and image completed: 175 patches, 8192 image size (7s858ms)
23:04:26 [App     ] Mesh texturing completed: 5047 vertices, 10089 faces (25s645ms)
23:04:42 [App     ] Scene saved (15s639ms):
	18 images (18 calibrated)
	0 points, 5047 vertices, 10089 faces
23:04:54 [App     ] Mesh saved: 5047 vertices, 10089 faces (11s424ms)
23:04:54 [App     ] MEMORYINFO: {
23:04:54 [App     ] 	PageFaultCount 2887837
23:04:54 [App     ] 	PeakWorkingSetSize 1.74GB
23:04:54 [App     ] 	WorkingSetSize 709.88MB
23:04:54 [App     ] 	QuotaPeakPagedPoolUsage 126.89KB
23:04:54 [App     ] 	QuotaPagedPoolUsage 126.72KB
23:04:54 [App     ] 	QuotaPeakNonPagedPoolUsage 30.94KB
23:04:54 [App     ] 	QuotaNonPagedPoolUsage 15.40KB
23:04:54 [App     ] 	PagefileUsage 831.10MB
23:04:54 [App     ] 	PeakPagefileUsage 2.28GB
23:04:54 [App     ] } ENDINFO
