03:24:13 [App     ] Build date: Jul 23 2020, 18:14:42
03:24:13 [App     ] CPU: Intel(R) Core(TM) i5-8400H CPU @ 2.50GHz (8 cores)
03:24:13 [App     ] RAM: 7.80GB Physical Memory 128.00TB Virtual Memory
03:24:13 [App     ] OS: Windows 8 x64
03:24:13 [App     ] SSE & AVX compatible CPU & OS detected
03:24:13 [App     ] Command line: scene.mvs
03:24:13 [App     ] Camera model loaded: platform 0; camera  0; f 0.851x0.851; poses 5
03:24:13 [App     ] warning: uncalibrated image 'scene_undistorted_images\IMG_0978.JPG'
03:24:13 [App     ] warning: uncalibrated image 'scene_undistorted_images\IMG_0979.JPG'
03:24:13 [App     ] warning: uncalibrated image 'scene_undistorted_images\IMG_0980.JPG'
03:24:13 [App     ] warning: uncalibrated image 'scene_undistorted_images\IMG_0982.JPG'
03:24:13 [App     ] warning: uncalibrated image 'scene_undistorted_images\IMG_0983.JPG'
03:24:13 [App     ] warning: uncalibrated image 'scene_undistorted_images\IMG_0984.JPG'
03:24:13 [App     ] warning: uncalibrated image 'scene_undistorted_images\IMG_0985.JPG'
03:24:13 [App     ] warning: uncalibrated image 'scene_undistorted_images\IMG_0986.JPG'
03:24:13 [App     ] warning: uncalibrated image 'scene_undistorted_images\IMG_0987.JPG'
03:24:13 [App     ] Image loaded   9: IMG_0988.JPG
03:24:13 [App     ] Image loaded  10: IMG_0989.JPG
03:24:13 [App     ] Image loaded  11: IMG_0990.JPG
03:24:13 [App     ] Image loaded  12: IMG_0991.JPG
03:24:13 [App     ] Image loaded  13: IMG_0992.JPG
03:24:13 [App     ] warning: uncalibrated image 'scene_undistorted_images\IMG_0993.JPG'
03:24:13 [App     ] warning: uncalibrated image 'scene_undistorted_images\IMG_0994.JPG'
03:24:13 [App     ] warning: uncalibrated image 'scene_undistorted_images\IMG_0995.JPG'
03:24:13 [App     ] Scene loaded from interface format (22ms):
	17 images (5 calibrated) with a total of 58.14 MPixels (11.63 MPixels/image)
	417 points, 0 vertices, 0 faces
03:24:13 [App     ] Preparing images for dense reconstruction completed: 17 images (238ms)
03:24:13 [App     ] Selecting images for dense reconstruction completed: 5 images (0ms)
03:24:14 [App     ] Reference image   9 paired with 3 views
03:24:14 [App     ] Reference image  11 paired with 4 views
