19:23:34 [App     ] Build date: Jul 23 2020, 18:14:42
19:23:34 [App     ] CPU: Intel(R) Core(TM) i5-8400H CPU @ 2.50GHz (8 cores)
19:23:34 [App     ] RAM: 7.80GB Physical Memory 128.00TB Virtual Memory
19:23:34 [App     ] OS: Windows 8 x64
19:23:34 [App     ] SSE & AVX compatible CPU & OS detected
19:23:34 [App     ] Command line: scene_dense_mesh.mvs
19:23:35 [App     ] Scene loaded (59ms):
	29 images (29 calibrated) with a total of 137.64 MPixels (4.75 MPixels/image)
	0 points, 11559 vertices, 23126 faces
19:23:39 [App     ] Assigning the best view to each face completed: 23126 faces (4s791ms)
19:23:44 [App     ] Generating texture atlas and image completed: 268 patches, 4096 image size (4s529ms)
19:23:44 [App     ] Mesh texturing completed: 11559 vertices, 23126 faces (9s330ms)
19:23:48 [App     ] Scene saved (3s839ms):
	29 images (29 calibrated)
	0 points, 11559 vertices, 23126 faces
19:23:51 [App     ] Mesh saved: 11559 vertices, 23126 faces (3s509ms)
19:23:51 [App     ] MEMORYINFO: {
19:23:51 [App     ] 	PageFaultCount 1011441
19:23:51 [App     ] 	PeakWorkingSetSize 1.15GB
19:23:51 [App     ] 	WorkingSetSize 476.89MB
19:23:51 [App     ] 	QuotaPeakPagedPoolUsage 127.22KB
19:23:51 [App     ] 	QuotaPagedPoolUsage 127.05KB
19:23:51 [App     ] 	QuotaPeakNonPagedPoolUsage 28.95KB
19:23:51 [App     ] 	QuotaNonPagedPoolUsage 17.13KB
19:23:51 [App     ] 	PagefileUsage 473.34MB
19:23:51 [App     ] 	PeakPagefileUsage 1.20GB
19:23:51 [App     ] } ENDINFO
